<?xml version="1.0" encoding="UTF-8"?>
<!-- Generated by org.testng.reporters.JUnitReportReporter -->
<testsuite skipped="0" hostname="qainfotech-Latitude-3490" name="com.qait.test.Test1" tests="1" failures="0" timestamp="2020-03-19T12:12:38 IST" time="0.013" errors="0">
  <testcase name="fun" time="0.013" classname="com.qait.test.Test1"/>
  <system-out/>
</testsuite> <!-- com.qait.test.Test1 -->
